{"level":"info","message":"User hihi logged in."}
{"level":"info","message":"hihi logged in 1695480928850"}
{"level":"info","message":"hihi logged in Sat Sep 23 2023 21:56:34 GMT+0700 (Indochina Time)"}
{"level":"info","message":"hihi logged in Sun Sep 24 2023 14:12:53 GMT+0700 (Indochina Time)"}
{"level":"info","message":"Cong Minh logged in Sun Sep 24 2023 14:56:13 GMT+0700 (Indochina Time)"}
{"level":"info","message":"Cong Minh logged in Sun Sep 24 2023 15:03:32 GMT+0700 (Indochina Time)"}
{"level":"info","message":"Cong Minh logged in Sun Sep 24 2023 15:04:45 GMT+0700 (Indochina Time)"}
{"level":"info","message":"Cong Minh logged in Sun Sep 24 2023 15:06:51 GMT+0700 (Indochina Time)"}
{"level":"info","message":"Cong Minh logged in Sun Sep 24 2023 15:09:45 GMT+0700 (Indochina Time)"}
{"level":"info","message":"Cong Minh logged in Sun Sep 24 2023 15:10:58 GMT+0700 (Indochina Time)"}
{"level":"info","message":"Cong Minh logged in Sun Sep 24 2023 15:11:11 GMT+0700 (Indochina Time)"}
{"level":"info","message":"Cong Minh logged in Sun Sep 24 2023 15:11:40 GMT+0700 (Indochina Time)"}
{"level":"info","message":"Cong Minh logged in Sun Sep 24 2023 15:35:09 GMT+0700 (Indochina Time)"}
{"level":"info","message":"Cong Minh logged in Sun Sep 24 2023 15:40:16 GMT+0700 (Indochina Time)"}
{"level":"info","message":"Cong Minh logged in Sun Sep 24 2023 16:05:45 GMT+0700 (Indochina Time)"}
{"level":"info","message":"Cong Minh logged in Sun Sep 24 2023 16:09:30 GMT+0700 (Indochina Time)"}
{"level":"info","message":"Cong Minh logged in Sun Sep 24 2023 16:10:53 GMT+0700 (Indochina Time)"}
{"level":"info","message":"hieupmv logged in Sat Oct 14 2023 14:19:17 GMT+0700 (Indochina Time)"}
{"level":"info","message":"ok logged in Sat Oct 14 2023 14:22:29 GMT+0700 (Indochina Time)"}
{"level":"info","message":"ok logged in Sat Oct 14 2023 14:23:42 GMT+0700 (Indochina Time)"}
{"level":"info","message":"ok logged in Thu Oct 26 2023 23:15:59 GMT+0700 (Indochina Time)"}
{"level":"info","message":"ok logged in Thu Oct 26 2023 23:17:38 GMT+0700 (Indochina Time)"}
{"level":"info","message":"ok logged in Thu Oct 26 2023 23:23:05 GMT+0700 (Indochina Time)"}
{"level":"info","message":"ok logged in Fri Oct 27 2023 20:49:14 GMT+0700 (Indochina Time)"}
{"level":"info","message":"Hieu Minhh logged in Fri Oct 27 2023 21:18:49 GMT+0700 (Indochina Time)"}
